Mon Apr 04 20:02:58 CST 2016  [debug] AvalonLogSystem initialized using logfile 'E:\javaweb\.metadata\.plugins\com.genuitec.eclipse.templates\velocity.log'
Mon Apr 04 20:02:58 CST 2016   [info] ************************************************************** 
Mon Apr 04 20:02:58 CST 2016   [info] Starting Jakarta Velocity v1.4
Mon Apr 04 20:02:58 CST 2016   [info] RuntimeInstance initializing.
Mon Apr 04 20:02:58 CST 2016   [info] Default Properties File: org\apache\velocity\runtime\defaults\velocity.properties
Mon Apr 04 20:02:58 CST 2016   [info] Trying to use logger class org.apache.velocity.runtime.log.AvalonLogSystem
Mon Apr 04 20:02:58 CST 2016   [info] Using logger class org.apache.velocity.runtime.log.AvalonLogSystem
Mon Apr 04 20:02:58 CST 2016   [info] Default ResourceManager initializing. (class org.apache.velocity.runtime.resource.ResourceManagerImpl)
Mon Apr 04 20:02:58 CST 2016   [info] Resource Loader Instantiated: com.genuitec.eclipse.templates.internal.PluginResourceLoader
Mon Apr 04 20:02:58 CST 2016   [info] ResourceCache : initialized. (class org.apache.velocity.runtime.resource.ResourceCacheImpl)
Mon Apr 04 20:02:58 CST 2016   [info] Default ResourceManager initialization complete.
Mon Apr 04 20:02:58 CST 2016   [info] Loaded System Directive: org.apache.velocity.runtime.directive.Literal
Mon Apr 04 20:02:58 CST 2016   [info] Loaded System Directive: org.apache.velocity.runtime.directive.Macro
Mon Apr 04 20:02:58 CST 2016   [info] Loaded System Directive: org.apache.velocity.runtime.directive.Parse
Mon Apr 04 20:02:58 CST 2016   [info] Loaded System Directive: org.apache.velocity.runtime.directive.Include
Mon Apr 04 20:02:58 CST 2016   [info] Loaded System Directive: org.apache.velocity.runtime.directive.Foreach
Mon Apr 04 20:02:58 CST 2016   [info] Created: 20 parsers.
Mon Apr 04 20:02:58 CST 2016   [info] Velocimacro : initialization starting.
Mon Apr 04 20:02:58 CST 2016   [info] Velocimacro : adding VMs from VM library template : VM_global_library.vm
Mon Apr 04 20:02:58 CST 2016  [error] ResourceManager : unable to find resource 'VM_global_library.vm' in any resource loader.
Mon Apr 04 20:02:58 CST 2016   [info] Velocimacro : error using  VM library template VM_global_library.vm : org.apache.velocity.exception.ResourceNotFoundException: Unable to find resource 'VM_global_library.vm'
Mon Apr 04 20:02:58 CST 2016   [info] Velocimacro :  VM library template macro registration complete.
Mon Apr 04 20:02:58 CST 2016   [info] Velocimacro : allowInline = true : VMs can be defined inline in templates
Mon Apr 04 20:02:58 CST 2016   [info] Velocimacro : allowInlineToOverride = true : VMs defined inline may replace previous VM definitions
Mon Apr 04 20:02:58 CST 2016   [info] Velocimacro : allowInlineLocal = true : VMs defined inline will be local to their defining template only.
Mon Apr 04 20:02:58 CST 2016   [info] Velocimacro : messages on  : VM system will output logging messages
Mon Apr 04 20:02:58 CST 2016   [info] Velocimacro : autoload off  : VM system will not automatically reload global library macros
Mon Apr 04 20:02:58 CST 2016   [info] Velocimacro : initialization complete.
Mon Apr 04 20:02:58 CST 2016   [info] Velocity successfully started.
Mon Apr 04 20:02:58 CST 2016   [info] ResourceManager : found templates/web.xml.vm with loader com.genuitec.eclipse.templates.internal.PluginResourceLoader
Mon Apr 04 20:03:06 CST 2016   [info] ResourceManager : found /templates/velocity/welcome/Jsp.vtl with loader com.genuitec.eclipse.templates.internal.PluginResourceLoader
Mon Apr 04 20:26:53 CST 2016   [info] ResourceManager : found templates/xml/Xml.vtl with loader com.genuitec.eclipse.templates.internal.PluginResourceLoader
Mon Apr 04 20:27:21 CST 2016   [info] ResourceManager : found templates/xml/Xml.vtl with loader com.genuitec.eclipse.templates.internal.PluginResourceLoader
